c:\users\sai krishna\desktop\ood\projects\p4\fawcett tatha\project4\cppcli-wpf-app\receiver\debug\vc120.pdb
c:\users\sai krishna\desktop\ood\projects\p4\fawcett tatha\project4\cppcli-wpf-app\receiver\debug\vc120.idb
c:\users\sai krishna\desktop\ood\projects\p4\fawcett tatha\project4\cppcli-wpf-app\receiver\debug\apphelpers.obj
c:\users\sai krishna\desktop\ood\projects\p4\fawcett tatha\project4\cppcli-wpf-app\receiver\debug\display.obj
c:\users\sai krishna\desktop\ood\projects\p4\fawcett tatha\project4\cppcli-wpf-app\receiver\debug\message.obj
c:\users\sai krishna\desktop\ood\projects\p4\fawcett tatha\project4\cppcli-wpf-app\receiver\debug\cpp11-blockingqueue.obj
c:\users\sai krishna\desktop\ood\projects\p4\fawcett tatha\project4\cppcli-wpf-app\receiver\debug\qserver.obj
c:\users\sai krishna\desktop\ood\projects\p4\fawcett tatha\project4\cppcli-wpf-app\receiver\debug\sockets.obj
c:\users\sai krishna\desktop\ood\projects\p4\fawcett tatha\project4\cppcli-wpf-app\receiver\debug\tokenizer.obj
c:\users\sai krishna\desktop\ood\projects\p4\fawcett tatha\project4\cppcli-wpf-app\receiver\debug\xmlelementparts.obj
c:\users\sai krishna\desktop\ood\projects\p4\fawcett tatha\project4\cppcli-wpf-app\receiver\debug\xmldocument.obj
c:\users\sai krishna\desktop\ood\projects\p4\fawcett tatha\project4\cppcli-wpf-app\receiver\debug\xmlelement.obj
c:\users\sai krishna\desktop\ood\projects\p4\fawcett tatha\project4\cppcli-wpf-app\receiver\debug\receiver.obj
c:\users\sai krishna\desktop\ood\projects\p4\fawcett tatha\project4\cppcli-wpf-app\debug\receiver.ilk
c:\users\sai krishna\desktop\ood\projects\p4\fawcett tatha\project4\cppcli-wpf-app\debug\receiver.exe
c:\users\sai krishna\desktop\ood\projects\p4\fawcett tatha\project4\cppcli-wpf-app\debug\receiver.pdb
c:\users\sai krishna\desktop\ood\projects\p4\fawcett tatha\project4\cppcli-wpf-app\receiver\debug\receiver.tlog\cl.command.1.tlog
c:\users\sai krishna\desktop\ood\projects\p4\fawcett tatha\project4\cppcli-wpf-app\receiver\debug\receiver.tlog\cl.read.1.tlog
c:\users\sai krishna\desktop\ood\projects\p4\fawcett tatha\project4\cppcli-wpf-app\receiver\debug\receiver.tlog\cl.write.1.tlog
c:\users\sai krishna\desktop\ood\projects\p4\fawcett tatha\project4\cppcli-wpf-app\receiver\debug\receiver.tlog\link.command.1.tlog
c:\users\sai krishna\desktop\ood\projects\p4\fawcett tatha\project4\cppcli-wpf-app\receiver\debug\receiver.tlog\link.read.1.tlog
c:\users\sai krishna\desktop\ood\projects\p4\fawcett tatha\project4\cppcli-wpf-app\receiver\debug\receiver.tlog\link.write.1.tlog
