c:\users\sai krishna\desktop\ood\projects\p4\fawcett tatha\project4\cppcli-wpf-app\client\debug\vc120.pdb
c:\users\sai krishna\desktop\ood\projects\p4\fawcett tatha\project4\cppcli-wpf-app\client\debug\vc120.idb
c:\users\sai krishna\desktop\ood\projects\p4\fawcett tatha\project4\cppcli-wpf-app\client\debug\apphelpers.obj
c:\users\sai krishna\desktop\ood\projects\p4\fawcett tatha\project4\cppcli-wpf-app\client\debug\catalog.obj
c:\users\sai krishna\desktop\ood\projects\p4\fawcett tatha\project4\cppcli-wpf-app\client\debug\display.obj
c:\users\sai krishna\desktop\ood\projects\p4\fawcett tatha\project4\cppcli-wpf-app\client\debug\filemgr.obj
c:\users\sai krishna\desktop\ood\projects\p4\fawcett tatha\project4\cppcli-wpf-app\client\debug\filesystem.obj
c:\users\sai krishna\desktop\ood\projects\p4\fawcett tatha\project4\cppcli-wpf-app\client\debug\message.obj
c:\users\sai krishna\desktop\ood\projects\p4\fawcett tatha\project4\cppcli-wpf-app\client\debug\datastore.obj
c:\users\sai krishna\desktop\ood\projects\p4\fawcett tatha\project4\cppcli-wpf-app\client\debug\cpp11-blockingqueue.obj
c:\users\sai krishna\desktop\ood\projects\p4\fawcett tatha\project4\cppcli-wpf-app\client\debug\qserver.obj
c:\users\sai krishna\desktop\ood\projects\p4\fawcett tatha\project4\cppcli-wpf-app\client\debug\receiver.obj
c:\users\sai krishna\desktop\ood\projects\p4\fawcett tatha\project4\cppcli-wpf-app\client\debug\sender.obj
c:\users\sai krishna\desktop\ood\projects\p4\fawcett tatha\project4\cppcli-wpf-app\client\debug\sockets.obj
c:\users\sai krishna\desktop\ood\projects\p4\fawcett tatha\project4\cppcli-wpf-app\client\debug\tokenizer.obj
c:\users\sai krishna\desktop\ood\projects\p4\fawcett tatha\project4\cppcli-wpf-app\client\debug\xmlelementparts.obj
c:\users\sai krishna\desktop\ood\projects\p4\fawcett tatha\project4\cppcli-wpf-app\client\debug\xmldocument.obj
c:\users\sai krishna\desktop\ood\projects\p4\fawcett tatha\project4\cppcli-wpf-app\client\debug\xmlelement.obj
c:\users\sai krishna\desktop\ood\projects\p4\fawcett tatha\project4\cppcli-wpf-app\client\debug\client.obj
c:\users\sai krishna\desktop\ood\projects\p4\fawcett tatha\project4\cppcli-wpf-app\debug\client.ilk
c:\users\sai krishna\desktop\ood\projects\p4\fawcett tatha\project4\cppcli-wpf-app\debug\client.exe
c:\users\sai krishna\desktop\ood\projects\p4\fawcett tatha\project4\cppcli-wpf-app\debug\client.pdb
c:\users\sai krishna\desktop\ood\projects\p4\fawcett tatha\project4\cppcli-wpf-app\client\debug\client.tlog\cl.command.1.tlog
c:\users\sai krishna\desktop\ood\projects\p4\fawcett tatha\project4\cppcli-wpf-app\client\debug\client.tlog\cl.read.1.tlog
c:\users\sai krishna\desktop\ood\projects\p4\fawcett tatha\project4\cppcli-wpf-app\client\debug\client.tlog\cl.write.1.tlog
c:\users\sai krishna\desktop\ood\projects\p4\fawcett tatha\project4\cppcli-wpf-app\client\debug\client.tlog\link.command.1.tlog
c:\users\sai krishna\desktop\ood\projects\p4\fawcett tatha\project4\cppcli-wpf-app\client\debug\client.tlog\link.read.1.tlog
c:\users\sai krishna\desktop\ood\projects\p4\fawcett tatha\project4\cppcli-wpf-app\client\debug\client.tlog\link.write.1.tlog
