c:\users\sai krishna\desktop\ood\projects\p4\fawcett tatha\cppcli-wpf-app\executive\debug\vc120.pdb
c:\users\sai krishna\desktop\ood\projects\p4\fawcett tatha\cppcli-wpf-app\executive\debug\vc120.idb
c:\users\sai krishna\desktop\ood\projects\p4\fawcett tatha\cppcli-wpf-app\executive\debug\apphelpers.obj
c:\users\sai krishna\desktop\ood\projects\p4\fawcett tatha\cppcli-wpf-app\executive\debug\display.obj
c:\users\sai krishna\desktop\ood\projects\p4\fawcett tatha\cppcli-wpf-app\executive\debug\message.obj
c:\users\sai krishna\desktop\ood\projects\p4\fawcett tatha\cppcli-wpf-app\executive\debug\executive.obj
c:\users\sai krishna\desktop\ood\projects\p4\fawcett tatha\cppcli-wpf-app\debug\executive.ilk
c:\users\sai krishna\desktop\ood\projects\p4\fawcett tatha\cppcli-wpf-app\debug\executive.exe
c:\users\sai krishna\desktop\ood\projects\p4\fawcett tatha\cppcli-wpf-app\debug\executive.pdb
c:\users\sai krishna\desktop\ood\projects\p4\fawcett tatha\project4\cppcli-wpf-app\executive\debug\apphelpers.obj
c:\users\sai krishna\desktop\ood\projects\p4\fawcett tatha\project4\cppcli-wpf-app\executive\debug\display.obj
c:\users\sai krishna\desktop\ood\projects\p4\fawcett tatha\project4\cppcli-wpf-app\executive\debug\executive.obj
c:\users\sai krishna\desktop\ood\projects\p4\fawcett tatha\project4\cppcli-wpf-app\executive\debug\message.obj
c:\users\sai krishna\desktop\ood\projects\p4\fawcett tatha\project4\cppcli-wpf-app\executive\debug\vc120.idb
c:\users\sai krishna\desktop\ood\projects\p4\fawcett tatha\project4\cppcli-wpf-app\executive\debug\vc120.pdb
c:\users\sai krishna\desktop\ood\projects\p4\fawcett tatha\project4\cppcli-wpf-app\debug\executive.pdb
c:\users\sai krishna\desktop\ood\projects\p4\fawcett tatha\project4\cppcli-wpf-app\debug\executive.exe
c:\users\sai krishna\desktop\ood\projects\p4\fawcett tatha\project4\cppcli-wpf-app\debug\executive.ilk
c:\users\sai krishna\desktop\ood\projects\p4\fawcett tatha\project4\cppcli-wpf-app\executive\debug\executive.tlog\cl.command.1.tlog
c:\users\sai krishna\desktop\ood\projects\p4\fawcett tatha\project4\cppcli-wpf-app\executive\debug\executive.tlog\cl.read.1.tlog
c:\users\sai krishna\desktop\ood\projects\p4\fawcett tatha\project4\cppcli-wpf-app\executive\debug\executive.tlog\cl.write.1.tlog
c:\users\sai krishna\desktop\ood\projects\p4\fawcett tatha\project4\cppcli-wpf-app\executive\debug\executive.tlog\link.command.1.tlog
c:\users\sai krishna\desktop\ood\projects\p4\fawcett tatha\project4\cppcli-wpf-app\executive\debug\executive.tlog\link.read.1.tlog
c:\users\sai krishna\desktop\ood\projects\p4\fawcett tatha\project4\cppcli-wpf-app\executive\debug\executive.tlog\link.write.1.tlog
