c:\users\sai krishna\desktop\ood\projects\p4\fawcett tatha\project4\cppcli-wpf-app\sender\debug\vc120.pdb
c:\users\sai krishna\desktop\ood\projects\p4\fawcett tatha\project4\cppcli-wpf-app\sender\debug\vc120.idb
c:\users\sai krishna\desktop\ood\projects\p4\fawcett tatha\project4\cppcli-wpf-app\sender\debug\apphelpers.obj
c:\users\sai krishna\desktop\ood\projects\p4\fawcett tatha\project4\cppcli-wpf-app\sender\debug\catalog.obj
c:\users\sai krishna\desktop\ood\projects\p4\fawcett tatha\project4\cppcli-wpf-app\sender\debug\display.obj
c:\users\sai krishna\desktop\ood\projects\p4\fawcett tatha\project4\cppcli-wpf-app\sender\debug\filemgr.obj
c:\users\sai krishna\desktop\ood\projects\p4\fawcett tatha\project4\cppcli-wpf-app\sender\debug\filesystem.obj
c:\users\sai krishna\desktop\ood\projects\p4\fawcett tatha\project4\cppcli-wpf-app\sender\debug\message.obj
c:\users\sai krishna\desktop\ood\projects\p4\fawcett tatha\project4\cppcli-wpf-app\sender\debug\datastore.obj
c:\users\sai krishna\desktop\ood\projects\p4\fawcett tatha\project4\cppcli-wpf-app\sender\debug\sockets.obj
c:\users\sai krishna\desktop\ood\projects\p4\fawcett tatha\project4\cppcli-wpf-app\sender\debug\tokenizer.obj
c:\users\sai krishna\desktop\ood\projects\p4\fawcett tatha\project4\cppcli-wpf-app\sender\debug\xmlelementparts.obj
c:\users\sai krishna\desktop\ood\projects\p4\fawcett tatha\project4\cppcli-wpf-app\sender\debug\xmldocument.obj
c:\users\sai krishna\desktop\ood\projects\p4\fawcett tatha\project4\cppcli-wpf-app\sender\debug\xmlelement.obj
c:\users\sai krishna\desktop\ood\projects\p4\fawcett tatha\project4\cppcli-wpf-app\sender\debug\sender.obj
c:\users\sai krishna\desktop\ood\projects\p4\fawcett tatha\project4\cppcli-wpf-app\debug\sender.ilk
c:\users\sai krishna\desktop\ood\projects\p4\fawcett tatha\project4\cppcli-wpf-app\debug\sender.exe
c:\users\sai krishna\desktop\ood\projects\p4\fawcett tatha\project4\cppcli-wpf-app\debug\sender.pdb
c:\users\sai krishna\desktop\ood\projects\p4\fawcett tatha\project4\cppcli-wpf-app\sender\debug\sender.tlog\cl.command.1.tlog
c:\users\sai krishna\desktop\ood\projects\p4\fawcett tatha\project4\cppcli-wpf-app\sender\debug\sender.tlog\cl.read.1.tlog
c:\users\sai krishna\desktop\ood\projects\p4\fawcett tatha\project4\cppcli-wpf-app\sender\debug\sender.tlog\cl.write.1.tlog
c:\users\sai krishna\desktop\ood\projects\p4\fawcett tatha\project4\cppcli-wpf-app\sender\debug\sender.tlog\link.command.1.tlog
c:\users\sai krishna\desktop\ood\projects\p4\fawcett tatha\project4\cppcli-wpf-app\sender\debug\sender.tlog\link.read.1.tlog
c:\users\sai krishna\desktop\ood\projects\p4\fawcett tatha\project4\cppcli-wpf-app\sender\debug\sender.tlog\link.write.1.tlog
