c:\users\sai krishna\desktop\ood\projects\p4\fawcett tatha\project4\cppcli-wpf-app\server\debug\vc120.pdb
c:\users\sai krishna\desktop\ood\projects\p4\fawcett tatha\project4\cppcli-wpf-app\server\debug\vc120.idb
c:\users\sai krishna\desktop\ood\projects\p4\fawcett tatha\project4\cppcli-wpf-app\server\debug\apphelpers.obj
c:\users\sai krishna\desktop\ood\projects\p4\fawcett tatha\project4\cppcli-wpf-app\server\debug\catalog.obj
c:\users\sai krishna\desktop\ood\projects\p4\fawcett tatha\project4\cppcli-wpf-app\server\debug\display.obj
c:\users\sai krishna\desktop\ood\projects\p4\fawcett tatha\project4\cppcli-wpf-app\server\debug\filemgr.obj
c:\users\sai krishna\desktop\ood\projects\p4\fawcett tatha\project4\cppcli-wpf-app\server\debug\filesystem.obj
c:\users\sai krishna\desktop\ood\projects\p4\fawcett tatha\project4\cppcli-wpf-app\server\debug\message.obj
c:\users\sai krishna\desktop\ood\projects\p4\fawcett tatha\project4\cppcli-wpf-app\server\debug\datastore.obj
c:\users\sai krishna\desktop\ood\projects\p4\fawcett tatha\project4\cppcli-wpf-app\server\debug\cpp11-blockingqueue.obj
c:\users\sai krishna\desktop\ood\projects\p4\fawcett tatha\project4\cppcli-wpf-app\server\debug\qserver.obj
c:\users\sai krishna\desktop\ood\projects\p4\fawcett tatha\project4\cppcli-wpf-app\server\debug\receiver.obj
c:\users\sai krishna\desktop\ood\projects\p4\fawcett tatha\project4\cppcli-wpf-app\server\debug\sender.obj
c:\users\sai krishna\desktop\ood\projects\p4\fawcett tatha\project4\cppcli-wpf-app\server\debug\sockets.obj
c:\users\sai krishna\desktop\ood\projects\p4\fawcett tatha\project4\cppcli-wpf-app\server\debug\tokenizer.obj
c:\users\sai krishna\desktop\ood\projects\p4\fawcett tatha\project4\cppcli-wpf-app\server\debug\xmlelementparts.obj
c:\users\sai krishna\desktop\ood\projects\p4\fawcett tatha\project4\cppcli-wpf-app\server\debug\xmldocument.obj
c:\users\sai krishna\desktop\ood\projects\p4\fawcett tatha\project4\cppcli-wpf-app\server\debug\xmlelement.obj
c:\users\sai krishna\desktop\ood\projects\p4\fawcett tatha\project4\cppcli-wpf-app\server\debug\server.obj
c:\users\sai krishna\desktop\ood\projects\p4\fawcett tatha\project4\cppcli-wpf-app\debug\server.ilk
c:\users\sai krishna\desktop\ood\projects\p4\fawcett tatha\project4\cppcli-wpf-app\debug\server.exe
c:\users\sai krishna\desktop\ood\projects\p4\fawcett tatha\project4\cppcli-wpf-app\debug\server.pdb
c:\users\sai krishna\desktop\ood\projects\p4\fawcett tatha\project4\cppcli-wpf-app\server\debug\server.tlog\cl.command.1.tlog
c:\users\sai krishna\desktop\ood\projects\p4\fawcett tatha\project4\cppcli-wpf-app\server\debug\server.tlog\cl.read.1.tlog
c:\users\sai krishna\desktop\ood\projects\p4\fawcett tatha\project4\cppcli-wpf-app\server\debug\server.tlog\cl.write.1.tlog
c:\users\sai krishna\desktop\ood\projects\p4\fawcett tatha\project4\cppcli-wpf-app\server\debug\server.tlog\link.command.1.tlog
c:\users\sai krishna\desktop\ood\projects\p4\fawcett tatha\project4\cppcli-wpf-app\server\debug\server.tlog\link.read.1.tlog
c:\users\sai krishna\desktop\ood\projects\p4\fawcett tatha\project4\cppcli-wpf-app\server\debug\server.tlog\link.write.1.tlog
